Arguments: 
  /Users/mihee/.nvm/versions/node/v14.19.3/bin/node /Users/mihee/.nvm/versions/node/v14.19.3/bin/yarn add next react react-dom

PATH: 
  /Users/mihee/.nvm/versions/node/v14.19.3/bin:/opt/homebrew/bin:/usr/local/bin:/usr/bin:/bin:/usr/sbin:/sbin:/Users/mihee/.nvm/versions/node/v14.19.3/bin:/opt/homebrew/bin

Yarn version: 
  1.22.19

Node version: 
  14.19.3

Platform: 
  darwin x64

Trace: 
  SyntaxError: /Users/mihee/Desktop/ohmihee/next/02/package.json: Unexpected end of JSON input
      at JSON.parse (<anonymous>)
      at /Users/mihee/.nvm/versions/node/v14.19.3/lib/node_modules/yarn/lib/cli.js:1629:59
      at Generator.next (<anonymous>)
      at step (/Users/mihee/.nvm/versions/node/v14.19.3/lib/node_modules/yarn/lib/cli.js:310:30)
      at /Users/mihee/.nvm/versions/node/v14.19.3/lib/node_modules/yarn/lib/cli.js:321:13

npm manifest: 
  

yarn manifest: 
  No manifest

Lockfile: 
  No lockfile
